0 info it worked if it ends with ok
1 verbose cli [ '/usr/local/bin/node',
1 verbose cli   '/usr/local/bin/npm',
1 verbose cli   'install',
1 verbose cli   '-g',
1 verbose cli   'nativescript' ]
2 info using npm@2.15.9
3 info using node@v4.5.0
4 verbose install initial load of /usr/local/lib/package.json
5 verbose readDependencies loading dependencies from /usr/local/lib/package.json
6 silly cache add args [ 'nativescript', null ]
7 verbose cache add spec nativescript
8 silly cache add parsed spec Result {
8 silly cache add   raw: 'nativescript',
8 silly cache add   scope: null,
8 silly cache add   name: 'nativescript',
8 silly cache add   rawSpec: '',
8 silly cache add   spec: 'latest',
8 silly cache add   type: 'tag' }
9 silly addNamed nativescript@latest
10 verbose addNamed "latest" is being treated as a dist-tag for nativescript
11 info addNameTag [ 'nativescript', 'latest' ]
12 silly mapToRegistry name nativescript
13 silly mapToRegistry using default registry
14 silly mapToRegistry registry https://registry.npmjs.org/
15 silly mapToRegistry data Result {
15 silly mapToRegistry   raw: 'nativescript',
15 silly mapToRegistry   scope: null,
15 silly mapToRegistry   name: 'nativescript',
15 silly mapToRegistry   rawSpec: '',
15 silly mapToRegistry   spec: 'latest',
15 silly mapToRegistry   type: 'tag' }
16 silly mapToRegistry uri https://registry.npmjs.org/nativescript
17 verbose addNameTag registry:https://registry.npmjs.org/nativescript not in flight; fetching
18 verbose request uri https://registry.npmjs.org/nativescript
19 verbose request no auth needed
20 info attempt registry request try #1 at 9:38:15 PM
21 verbose request id a201eac667372072
22 http request GET https://registry.npmjs.org/nativescript
23 http 200 https://registry.npmjs.org/nativescript
24 verbose headers { server: 'nginx/1.10.1',
24 verbose headers   'content-type': 'application/json',
24 verbose headers   'last-modified': 'Tue, 17 Jan 2017 11:24:23 GMT',
24 verbose headers   etag: 'W/"587dfee7-f4339"',
24 verbose headers   'content-encoding': 'gzip',
24 verbose headers   'cache-control': 'max-age=300',
24 verbose headers   'content-length': '44470',
24 verbose headers   'accept-ranges': 'bytes',
24 verbose headers   date: 'Fri, 20 Jan 2017 05:38:15 GMT',
24 verbose headers   via: '1.1 varnish',
24 verbose headers   age: '137',
24 verbose headers   connection: 'keep-alive',
24 verbose headers   'x-served-by': 'cache-sjc3122-SJC',
24 verbose headers   'x-cache': 'HIT',
24 verbose headers   'x-cache-hits': '1',
24 verbose headers   'x-timer': 'S1484890695.705367,VS0,VE0',
24 verbose headers   vary: 'Accept-Encoding' }
25 silly get cb [ 200,
25 silly get   { server: 'nginx/1.10.1',
25 silly get     'content-type': 'application/json',
25 silly get     'last-modified': 'Tue, 17 Jan 2017 11:24:23 GMT',
25 silly get     etag: 'W/"587dfee7-f4339"',
25 silly get     'content-encoding': 'gzip',
25 silly get     'cache-control': 'max-age=300',
25 silly get     'content-length': '44470',
25 silly get     'accept-ranges': 'bytes',
25 silly get     date: 'Fri, 20 Jan 2017 05:38:15 GMT',
25 silly get     via: '1.1 varnish',
25 silly get     age: '137',
25 silly get     connection: 'keep-alive',
25 silly get     'x-served-by': 'cache-sjc3122-SJC',
25 silly get     'x-cache': 'HIT',
25 silly get     'x-cache-hits': '1',
25 silly get     'x-timer': 'S1484890695.705367,VS0,VE0',
25 silly get     vary: 'Accept-Encoding' } ]
26 verbose get saving nativescript to /Users/jacksonwheeler/.npm/registry.npmjs.org/nativescript/.cache.json
27 verbose correctMkdir /Users/jacksonwheeler/.npm correctMkdir not in flight; initializing
28 silly addNameTag next cb for nativescript with tag latest
29 silly addNamed nativescript@2.4.2
30 verbose addNamed "2.4.2" is a plain semver version for nativescript
31 silly mapToRegistry name nativescript
32 silly mapToRegistry using default registry
33 silly mapToRegistry registry https://registry.npmjs.org/
34 silly mapToRegistry data Result {
34 silly mapToRegistry   raw: 'nativescript',
34 silly mapToRegistry   scope: null,
34 silly mapToRegistry   name: 'nativescript',
34 silly mapToRegistry   rawSpec: '',
34 silly mapToRegistry   spec: 'latest',
34 silly mapToRegistry   type: 'tag' }
35 silly mapToRegistry uri https://registry.npmjs.org/nativescript
36 verbose addRemoteTarball https://registry.npmjs.org/nativescript/-/nativescript-2.4.2.tgz not in flight; adding
37 verbose addRemoteTarball [ 'https://registry.npmjs.org/nativescript/-/nativescript-2.4.2.tgz',
37 verbose addRemoteTarball   '9a5fe0e4a00ad5ac213fd7a715e75d91a50f8817' ]
38 info retry fetch attempt 1 at 9:38:15 PM
39 info attempt registry request try #1 at 9:38:15 PM
40 http fetch GET https://registry.npmjs.org/nativescript/-/nativescript-2.4.2.tgz
41 http fetch 200 https://registry.npmjs.org/nativescript/-/nativescript-2.4.2.tgz
42 silly fetchAndShaCheck shasum 9a5fe0e4a00ad5ac213fd7a715e75d91a50f8817
43 verbose addTmpTarball /var/folders/z5/xrdxzdl55xb69cmdr22n38gh0000gn/T/npm-73989-bbce9338/registry.npmjs.org/nativescript/-/nativescript-2.4.2.tgz not in flight; adding
44 verbose addTmpTarball already have metadata; skipping unpack for nativescript@2.4.2
45 verbose correctMkdir /Users/jacksonwheeler/.npm correctMkdir not in flight; initializing
46 silly cache afterAdd nativescript@2.4.2
47 verbose afterAdd /Users/jacksonwheeler/.npm/nativescript/2.4.2/package/package.json not in flight; writing
48 verbose correctMkdir /Users/jacksonwheeler/.npm correctMkdir not in flight; initializing
49 verbose afterAdd /Users/jacksonwheeler/.npm/nativescript/2.4.2/package/package.json written
50 silly install resolved [ { name: 'nativescript',
50 silly install resolved     preferGlobal: true,
50 silly install resolved     version: '2.4.2',
50 silly install resolved     author: { name: 'Telerik', email: 'support@telerik.com' },
50 silly install resolved     description: 'Command-line interface for building NativeScript projects',
50 silly install resolved     bin:
50 silly install resolved      { tns: './bin/nativescript.js',
50 silly install resolved        nativescript: './bin/nativescript.js' },
50 silly install resolved     main: './lib/nativescript-cli.js',
50 silly install resolved     repository:
50 silly install resolved      { type: 'git',
50 silly install resolved        url: 'git+https://github.com/NativeScript/nativescript-cli.git' },
50 silly install resolved     keywords: [ 'nativescript', 'telerik', 'mobile' ],
50 silly install resolved     dependencies:
50 silly install resolved      { bluebird: '2.9.34',
50 silly install resolved        'bplist-parser': '0.1.0',
50 silly install resolved        bufferpack: '0.0.6',
50 silly install resolved        bufferutil: 'https://github.com/telerik/bufferutil/tarball/v1.0.1.4',
50 silly install resolved        byline: '4.2.1',
50 silly install resolved        chalk: '1.1.0',
50 silly install resolved        'cli-table': 'https://github.com/telerik/cli-table/tarball/v0.3.1.2',
50 silly install resolved        clui: '0.3.1',
50 silly install resolved        colors: '1.1.2',
50 silly install resolved        'email-validator': '1.0.4',
50 silly install resolved        esprima: '2.7.0',
50 silly install resolved        ffi: 'https://github.com/icenium/node-ffi/tarball/v2.0.0.4',
50 silly install resolved        fibers: 'https://github.com/icenium/node-fibers/tarball/v1.0.15.0',
50 silly install resolved        filesize: '3.1.2',
50 silly install resolved        gaze: '1.1.0',
50 silly install resolved        glob: '^7.0.3',
50 silly install resolved        'iconv-lite': '0.4.11',
50 silly install resolved        inquirer: '0.9.0',
50 silly install resolved        'ios-sim-portable': '~1.6.0',
50 silly install resolved        lockfile: '1.0.1',
50 silly install resolved        lodash: '4.13.1',
50 silly install resolved        log4js: '0.6.26',
50 silly install resolved        marked: '0.3.3',
50 silly install resolved        'marked-terminal': '1.5.0',
50 silly install resolved        minimatch: '3.0.2',
50 silly install resolved        mkdirp: '0.5.1',
50 silly install resolved        moment: '2.10.6',
50 silly install resolved        'mute-stream': '0.0.5',
50 silly install resolved        'node-inspector': 'https://github.com/NativeScript/node-inspector/tarball/v0.7.4.2',
50 silly install resolved        'node-uuid': '1.4.3',
50 silly install resolved        npm: '2.15.9',
50 silly install resolved        open: '0.0.5',
50 silly install resolved        osenv: '0.1.3',
50 silly install resolved        plist: '1.1.0',
50 silly install resolved        'plist-merge-patch': '0.0.9',
50 silly install resolved        plistlib: '0.2.1',
50 silly install resolved        'progress-stream': '1.1.1',
50 silly install resolved        'properties-parser': '0.2.3',
50 silly install resolved        ref: 'https://github.com/icenium/ref/tarball/v1.3.2.2',
50 silly install resolved        'ref-struct': 'https://github.com/telerik/ref-struct/tarball/v1.0.2.4',
50 silly install resolved        semver: '5.0.1',
50 silly install resolved        shelljs: '0.5.3',
50 silly install resolved        'source-map': '0.5.6',
50 silly install resolved        tabtab: 'https://github.com/Icenium/node-tabtab/tarball/master',
50 silly install resolved        temp: '0.8.3',
50 silly install resolved        'utf-8-validate': 'https://github.com/telerik/utf-8-validate/tarball/v1.0.1.4',
50 silly install resolved        winreg: '0.0.17',
50 silly install resolved        ws: '0.7.1',
50 silly install resolved        xcode: 'https://github.com/NativeScript/node-xcode/archive/1.4.0.tar.gz',
50 silly install resolved        xmldom: '0.1.21',
50 silly install resolved        xmlhttprequest: 'https://github.com/telerik/node-XMLHttpRequest/tarball/master',
50 silly install resolved        yargs: '6.0.0' },
50 silly install resolved     analyze: true,
50 silly install resolved     devDependencies:
50 silly install resolved      { chai: '1.8.x',
50 silly install resolved        grunt: '1.0.1',
50 silly install resolved        'grunt-contrib-clean': '1.0.0',
50 silly install resolved        'grunt-contrib-copy': '1.0.0',
50 silly install resolved        'grunt-contrib-watch': '1.0.0',
50 silly install resolved        'grunt-shell': '1.3.0',
50 silly install resolved        'grunt-ts': '5.5.1',
50 silly install resolved        'grunt-tslint': '3.1.0',
50 silly install resolved        istanbul: '0.4.5',
50 silly install resolved        mocha: '2.5.3',
50 silly install resolved        'mocha-fibers': 'git+https://github.com/NativeScript/mocha-fibers.git',
50 silly install resolved        'mocha-typescript': '^1.0.4',
50 silly install resolved        should: '7.0.2',
50 silly install resolved        tslint: '3.11.0',
50 silly install resolved        typescript: '^1.8.10' },
50 silly install resolved     license: 'Apache-2.0',
50 silly install resolved     engines: { node: '>=4.2.1 <5.0.0 || >=5.1.0 <8.0.0' },
50 silly install resolved     scripts:
50 silly install resolved      { test: 'istanbul cover node_modules/mocha/bin/_mocha',
50 silly install resolved        postinstall: 'node postinstall.js',
50 silly install resolved        preuninstall: 'node preuninstall.js',
50 silly install resolved        mocha: 'mocha',
50 silly install resolved        tsc: 'tsc',
50 silly install resolved        'test-watch': 'node ./dev/tsc-to-mocha-watch.js' },
50 silly install resolved     bugs: { url: 'https://github.com/NativeScript/nativescript-cli/issues' },
50 silly install resolved     homepage: 'https://github.com/NativeScript/nativescript-cli#readme',
50 silly install resolved     _id: 'nativescript@2.4.2',
50 silly install resolved     _shasum: '9a5fe0e4a00ad5ac213fd7a715e75d91a50f8817',
50 silly install resolved     _resolved: 'https://registry.npmjs.org/nativescript/-/nativescript-2.4.2.tgz',
50 silly install resolved     _from: 'nativescript@latest',
50 silly install resolved     _npmVersion: '2.14.7',
50 silly install resolved     _nodeVersion: '4.2.3',
50 silly install resolved     _npmUser: { name: 'tns-bot', email: 'nativescript@telerik.com' },
50 silly install resolved     dist:
50 silly install resolved      { shasum: '9a5fe0e4a00ad5ac213fd7a715e75d91a50f8817',
50 silly install resolved        tarball: 'https://registry.npmjs.org/nativescript/-/nativescript-2.4.2.tgz' },
50 silly install resolved     maintainers:
50 silly install resolved      [ [Object],
50 silly install resolved        [Object],
50 silly install resolved        [Object],
50 silly install resolved        [Object],
50 silly install resolved        [Object],
50 silly install resolved        [Object],
50 silly install resolved        [Object],
50 silly install resolved        [Object],
50 silly install resolved        [Object],
50 silly install resolved        [Object],
50 silly install resolved        [Object],
50 silly install resolved        [Object],
50 silly install resolved        [Object] ],
50 silly install resolved     _npmOperationalInternal:
50 silly install resolved      { host: 'packages-18-east.internal.npmjs.com',
50 silly install resolved        tmp: 'tmp/nativescript-2.4.2.tgz_1481197653944_0.7796967395115644' },
50 silly install resolved     directories: {} } ]
51 info install nativescript@2.4.2 into /usr/local/lib
52 info installOne nativescript@2.4.2
53 verbose installOne of nativescript to /usr/local/lib not in flight; installing
54 verbose correctMkdir /Users/jacksonwheeler/.npm/_locks correctMkdir not in flight; initializing
55 verbose lock using /Users/jacksonwheeler/.npm/_locks/nativescript-f7f5e04badfb238f.lock for /usr/local/lib/node_modules/nativescript
56 silly install write writing nativescript 2.4.2 to /usr/local/lib/node_modules/nativescript
57 verbose unbuild lib/node_modules/nativescript
58 silly gentlyRm /usr/local/lib/node_modules/nativescript is being purged from base /usr/local
59 verbose gentlyRm don't care about contents; nuking /usr/local/lib/node_modules/nativescript
60 verbose tar unpack /Users/jacksonwheeler/.npm/nativescript/2.4.2/package.tgz
61 verbose tar unpacking to /usr/local/lib/node_modules/nativescript
62 silly gentlyRm /usr/local/lib/node_modules/nativescript is being purged
63 verbose gentlyRm don't care about contents; nuking /usr/local/lib/node_modules/nativescript
64 silly gunzTarPerm modes [ '755', '644' ]
65 error tar.unpack untar error /Users/jacksonwheeler/.npm/nativescript/2.4.2/package.tgz
66 verbose unlock done using /Users/jacksonwheeler/.npm/_locks/nativescript-f7f5e04badfb238f.lock for /usr/local/lib/node_modules/nativescript
67 verbose fstream_path /usr/local/lib/node_modules/nativescript
68 verbose fstream_type Directory
69 verbose fstream_class DirWriter
70 verbose stack Error: EACCES: permission denied, mkdir '/usr/local/lib/node_modules/nativescript'
70 verbose stack     at Error (native)
71 verbose fstream_stack /usr/local/lib/node_modules/npm/node_modules/fstream/lib/dir-writer.js:35:25
71 verbose fstream_stack /usr/local/lib/node_modules/npm/node_modules/mkdirp/index.js:47:53
71 verbose fstream_stack FSReqWrap.oncomplete (fs.js:82:15)
72 verbose cwd /Users/jacksonwheeler/Desktop/myWebsite
73 error Darwin 16.0.0
74 error argv "/usr/local/bin/node" "/usr/local/bin/npm" "install" "-g" "nativescript"
75 error node v4.5.0
76 error npm  v2.15.9
77 error path /usr/local/lib/node_modules/nativescript
78 error code EACCES
79 error errno -13
80 error syscall mkdir
81 error Error: EACCES: permission denied, mkdir '/usr/local/lib/node_modules/nativescript'
81 error     at Error (native)
81 error  { [Error: EACCES: permission denied, mkdir '/usr/local/lib/node_modules/nativescript']
81 error   errno: -13,
81 error   code: 'EACCES',
81 error   syscall: 'mkdir',
81 error   path: '/usr/local/lib/node_modules/nativescript',
81 error   fstream_type: 'Directory',
81 error   fstream_path: '/usr/local/lib/node_modules/nativescript',
81 error   fstream_class: 'DirWriter',
81 error   fstream_stack:
81 error    [ '/usr/local/lib/node_modules/npm/node_modules/fstream/lib/dir-writer.js:35:25',
81 error      '/usr/local/lib/node_modules/npm/node_modules/mkdirp/index.js:47:53',
81 error      'FSReqWrap.oncomplete (fs.js:82:15)' ] }
82 error Please try running this command again as root/Administrator.
83 verbose exit [ -13, true ]
84 verbose unbuild lib/node_modules/nativescript
85 silly gentlyRm /usr/local/lib/node_modules/nativescript is being purged from base /usr/local
86 verbose gentlyRm don't care about contents; nuking /usr/local/lib/node_modules/nativescript
